<?xml version="1.0" encoding="UTF-8"?>
<testsuite name="dominio.unitaria.BibliotecarioTest" tests="5" skipped="0" failures="0" errors="0" timestamp="2021-02-10T22:59:06" hostname="camilo" time="0.152">
  <properties/>
  <testcase name="isbnEsPalindromoTest" classname="dominio.unitaria.BibliotecarioTest" time="0.124"/>
  <testcase name="esPrestadoTest" classname="dominio.unitaria.BibliotecarioTest" time="0.022"/>
  <testcase name="fechaDeEntregaTest" classname="dominio.unitaria.BibliotecarioTest" time="0.001"/>
  <testcase name="sumaDigitosIsbnMayorATreintaTest" classname="dominio.unitaria.BibliotecarioTest" time="0.001"/>
  <testcase name="libroNoPrestadoTest" classname="dominio.unitaria.BibliotecarioTest" time="0.001"/>
  <system-out><![CDATA[]]></system-out>
  <system-err><![CDATA[]]></system-err>
</testsuite>
